Build started 26-Mar-18 3:21:07 PM.
     1>Project "C:\Users\Ashar Sarwar\documents\visual studio 2010\Projects\Practice\Practice\Practice.vcxproj" on node 2 (build target(s)).
     1>PrepareForBuild:
         Creating directory "C:\Users\Ashar Sarwar\documents\visual studio 2010\Projects\Practice\Debug\".
       InitializeBuildStatus:
         Creating "Debug\Practice.unsuccessfulbuild" because "AlwaysCreate" was specified.
       ClCompile:
         C:\Program Files (x86)\Microsoft Visual Studio 10.0\VC\bin\CL.exe /c /ZI /nologo /W3 /WX- /Od /Oy- /D WIN32 /D _DEBUG /D _CONSOLE /D _UNICODE /D UNICODE /Gm /EHsc /RTC1 /MDd /GS /fp:precise /Zc:wchar_t /Zc:forScope /Yc"StdAfx.h" /Fp"Debug\Practice.pch" /Fo"Debug\\" /Fd"Debug\vc100.pdb" /Gd /TP /analyze- /errorReport:prompt stdafx.cpp
         stdafx.cpp
         C:\Program Files (x86)\Microsoft Visual Studio 10.0\VC\bin\CL.exe /c /ZI /nologo /W3 /WX- /Od /Oy- /D WIN32 /D _DEBUG /D _CONSOLE /D _UNICODE /D UNICODE /Gm /EHsc /RTC1 /MDd /GS /fp:precise /Zc:wchar_t /Zc:forScope /Yu"StdAfx.h" /Fp"Debug\Practice.pch" /Fo"Debug\\" /Fd"Debug\vc100.pdb" /Gd /TP /analyze- /errorReport:prompt Practice.cpp
         Practice.cpp
     1>c:\users\ashar sarwar\documents\visual studio 2010\projects\practice\practice\point.h(58): warning C4244: 'initializing' : conversion from 'double' to 'float', possible loss of data
     1>c:\users\ashar sarwar\documents\visual studio 2010\projects\practice\practice\point.h(59): warning C4244: 'initializing' : conversion from 'double' to 'float', possible loss of data
     1>c:\users\ashar sarwar\documents\visual studio 2010\projects\practice\practice\point.h(68): warning C4244: 'argument' : conversion from 'double' to 'float', possible loss of data
     1>c:\users\ashar sarwar\documents\visual studio 2010\projects\practice\practice\point.h(68): warning C4244: 'argument' : conversion from 'double' to 'float', possible loss of data
     1>c:\users\ashar sarwar\documents\visual studio 2010\projects\practice\practice\point.h(75): error C2143: syntax error : missing ';' before '.'
     1>c:\users\ashar sarwar\documents\visual studio 2010\projects\practice\practice\point.h(75): error C2143: syntax error : missing ';' before '.'
     1>c:\users\ashar sarwar\documents\visual studio 2010\projects\practice\practice\point.h(76): error C2143: syntax error : missing ';' before '.'
     1>c:\users\ashar sarwar\documents\visual studio 2010\projects\practice\practice\point.h(76): error C2143: syntax error : missing ';' before '.'
     1>Done Building Project "C:\Users\Ashar Sarwar\documents\visual studio 2010\Projects\Practice\Practice\Practice.vcxproj" (build target(s)) -- FAILED.

Build FAILED.

Time Elapsed 00:00:02.80
