Build started 14-May-18 7:26:40 PM.
     1>Project "C:\Users\Ashar Sarwar\Documents\Visual Studio 2010\Projects\student grade\student grade\student grade.vcxproj" on node 2 (build target(s)).
     1>InitializeBuildStatus:
         Creating "Debug\student grade.unsuccessfulbuild" because "AlwaysCreate" was specified.
       ClCompile:
         C:\Program Files (x86)\Microsoft Visual Studio 10.0\VC\bin\CL.exe /c /ZI /nologo /W3 /WX- /Od /Oy- /D WIN32 /D _DEBUG /D _CONSOLE /D _UNICODE /D UNICODE /Gm /EHsc /RTC1 /MDd /GS /fp:precise /Zc:wchar_t /Zc:forScope /Yc"StdAfx.h" /Fp"Debug\student grade.pch" /Fo"Debug\\" /Fd"Debug\vc100.pdb" /Gd /TP /analyze- /errorReport:prompt stdafx.cpp
         stdafx.cpp
         C:\Program Files (x86)\Microsoft Visual Studio 10.0\VC\bin\CL.exe /c /ZI /nologo /W3 /WX- /Od /Oy- /D WIN32 /D _DEBUG /D _CONSOLE /D _UNICODE /D UNICODE /Gm /EHsc /RTC1 /MDd /GS /fp:precise /Zc:wchar_t /Zc:forScope /Yu"StdAfx.h" /Fp"Debug\student grade.pch" /Fo"Debug\\" /Fd"Debug\vc100.pdb" /Gd /TP /analyze- /errorReport:prompt "student grade.cpp"
         student grade.cpp
     1>c:\users\ashar sarwar\documents\visual studio 2010\projects\student grade\student grade\student grade.cpp(19): error C2371: 's1' : redefinition; different basic types
                 c:\users\ashar sarwar\documents\visual studio 2010\projects\student grade\student grade\student grade.cpp(10) : see declaration of 's1'
     1>c:\users\ashar sarwar\documents\visual studio 2010\projects\student grade\student grade\student grade.cpp(19): error C2371: 's2' : redefinition; different basic types
                 c:\users\ashar sarwar\documents\visual studio 2010\projects\student grade\student grade\student grade.cpp(10) : see declaration of 's2'
     1>c:\users\ashar sarwar\documents\visual studio 2010\projects\student grade\student grade\student grade.cpp(19): error C2371: 's3' : redefinition; different basic types
                 c:\users\ashar sarwar\documents\visual studio 2010\projects\student grade\student grade\student grade.cpp(10) : see declaration of 's3'
     1>c:\users\ashar sarwar\documents\visual studio 2010\projects\student grade\student grade\student grade.cpp(27): error C2088: '>' : illegal for class
     1>Done Building Project "C:\Users\Ashar Sarwar\Documents\Visual Studio 2010\Projects\student grade\student grade\student grade.vcxproj" (build target(s)) -- FAILED.

Build FAILED.

Time Elapsed 00:00:01.14
